<?xml version="1.0" encoding="UTF-8"?>
<testng-results skipped="0" failed="0" total="1" passed="1">
  <reporter-output>
  </reporter-output>
  <suite name="Default suite" duration-ms="40503" started-at="2021-04-10T14:42:48Z" finished-at="2021-04-10T14:43:28Z">
    <groups>
    </groups>
    <test name="Default test" duration-ms="40503" started-at="2021-04-10T14:42:48Z" finished-at="2021-04-10T14:43:28Z">
      <class name="day.challegesTest.Day1Test">
        <test-method status="PASS" signature="day1Test()[pri:0, instance:day.challegesTest.Day1Test@68be2bc2]" name="day1Test" duration-ms="40447" started-at="2021-04-10T20:12:48Z" finished-at="2021-04-10T20:13:28Z">
          <reporter-output>
          </reporter-output>
        </test-method> <!-- day1Test -->
      </class> <!-- day.challegesTest.Day1Test -->
    </test> <!-- Default test -->
  </suite> <!-- Default suite -->
</testng-results>
